<?xml version="1.0" encoding="UTF-8"?>
<!-- Generated by org.testng.reporters.JUnitReportReporter -->
<testsuite skipped="2" hostname="LAPTOP-DPSP9O8F" name="com.qa.gorest.RestDevelopment.GoRestUsers" tests="3" failures="0" timestamp="17 May 2020 08:30:24 GMT" time="0.019" errors="0">
  <testcase name="checkOne" time="0.019" classname="com.qa.gorest.RestDevelopment.GoRestUsers"/>
  <testcase name="verifyMessageIsNotNull" classname="com.qa.gorest.RestDevelopment.GoRestUsers">
    <skipped/>
  </testcase> <!-- verifyMessageIsNotNull -->
  <testcase name="verifyValidResponseCode" classname="com.qa.gorest.RestDevelopment.GoRestUsers">
    <skipped/>
  </testcase> <!-- verifyValidResponseCode -->
</testsuite> <!-- com.qa.gorest.RestDevelopment.GoRestUsers -->
