<?xml version="1.0" encoding="UTF-8"?>
<!-- Generated by org.testng.reporters.JUnitReportReporter -->
<testsuite skipped="0" hostname="LAPTOP-DPSP9O8F" name="com.qa.gorest.RestDevelopment.TC001_ValidateResponseCode" tests="1" failures="0" timestamp="17 May 2020 13:44:31 GMT" time="4.672" errors="0">
  <testcase name="verifyStatusCode" time="4.672" classname="com.qa.gorest.RestDevelopment.TC001_ValidateResponseCode"/>
</testsuite> <!-- com.qa.gorest.RestDevelopment.TC001_ValidateResponseCode -->
